
> start
> webpack-dev-server

<i> [webpack-dev-server] Project is running at:
<i> [webpack-dev-server] Loopback: http://localhost:8080/
<i> [webpack-dev-server] On Your Network (IPv4): http://192.168.0.2:8080/
<i> [webpack-dev-server] Content not from webpack is served from './' directory
assets by path *.js 243 KiB
  asset bundle.js 214 KiB [emitted] (name: main)
  asset package_wasm_id3_rw_js.bundle.js 29.3 KiB [emitted]
asset 582b4e911bf480a4e831.module.wasm 329 KiB [emitted] [immutable]
asset index.html 551 bytes [emitted] [from: index.html] [copied]
runtime modules 34 KiB 16 modules
modules by path ./node_modules/ 130 KiB
  modules by path ./node_modules/webpack-dev-server/client/ 71.8 KiB 16 modules
  modules by path ./node_modules/webpack/hot/*.js 5.56 KiB 4 modules
  modules by path ./node_modules/html-entities/dist/esm/*.js 33.5 KiB
    ./node_modules/html-entities/dist/esm/index.js 4.98 KiB [built] [code generated]
    + 3 modules
  ./node_modules/ansi-html-community/index.js 4.16 KiB [built] [code generated]
  ./node_modules/events/events.js 14.5 KiB [built] [code generated]
modules by path ../package/wasm/ 22.1 KiB (javascript) 329 KiB (webassembly)
  ../package/wasm/id3_rw.js 170 bytes [built] [code generated]
  ../package/wasm/id3_rw_bg.wasm 120 bytes (javascript) 329 KiB (webassembly) [built] [code generated]
  ../package/wasm/id3_rw_bg.js 21.8 KiB [built] [code generated]
./index.js 2.64 KiB [built] [code generated]
webpack 5.104.0 compiled successfully in 3082 ms
assets by status 573 KiB [cached] 3 assets
asset index.html 811 bytes [emitted] [from: index.html] [copied]
cached modules 154 KiB (javascript) 329 KiB (webassembly) 34 KiB (runtime) [cached] 46 modules
webpack 5.104.0 compiled successfully in 49 ms
assets by status 573 KiB [cached] 4 assets
cached modules 154 KiB (javascript) 329 KiB (webassembly) 34 KiB (runtime) [cached] 46 modules
webpack 5.104.0 compiled successfully in 85 ms
assets by status 573 KiB [cached] 4 assets
cached modules 154 KiB (javascript) 329 KiB (webassembly) 34 KiB (runtime) [cached] 46 modules
webpack 5.104.0 compiled successfully in 38 ms
assets by status 360 KiB [cached] 3 assets
assets by path . 218 KiB
  asset bundle.js 214 KiB [emitted] (name: main)
  asset main.933c14baa64f7c1f5901.hot-update.js 3.96 KiB [emitted] [immutable] [hmr] (name: main)
  asset main.933c14baa64f7c1f5901.hot-update.json 28 bytes [emitted] [immutable] [hmr]
Entrypoint main 218 KiB = bundle.js 214 KiB main.933c14baa64f7c1f5901.hot-update.js 3.96 KiB
cached modules 152 KiB (javascript) 329 KiB (webassembly) [cached] 29 modules
runtime modules 34 KiB 16 modules
./index.js 2.64 KiB [built] [code generated]
webpack 5.104.0 compiled successfully in 216 ms
assets by status 573 KiB [cached] 4 assets
cached modules 154 KiB (javascript) 329 KiB (webassembly) 34 KiB (runtime) [cached] 46 modules
webpack 5.104.0 compiled successfully in 41 ms
